Command line:
   Read_Machine_Read_Machine_sch_tb_isim_beh.exe
     -simmode  gui
     -simrunnum  0
     -socket  52270

Thu May 11 15:17:03 2023


 Elaboration Time: 0.0625 sec

 Current Memory Usage: 5150.72 Meg

 Total Signals          : 97
 Total Nets             : 175
 Total Signal Drivers   : 23
 Total Blocks           : 18
 Total Primitive Blocks : 16
 Total Processes        : 20
 Total Traceable Variables  : 20
 Total Scalar Nets and Variables : 685
Total Line Count : 50
Total Line Count : 50

 Total Simulation Time: 6.48438 sec

 Current Memory Usage: 4678.86 Meg

Thu May 11 16:37:06 2023

