Release 14.7 Map P.20131013 (nt64)
Xilinx Mapping Report File for Design 'Top_Level'

Design Information
------------------
Command Line   : map -intstyle ise -p xc6slx25-ftg256-2 -w -logic_opt off -ol
high -t 1 -xt 0 -register_duplication off -r 4 -global_opt off -mt off -ir off
-pr off -lc off -power off -o Top_Level_map.ncd Top_Level.ngd Top_Level.pcf 
Target Device  : xc6slx25
Target Package : ftg256
Target Speed   : -2
Mapper Version : spartan6 -- $Revision: 1.55 $
Mapped Date    : Thu May 25 16:40:20 2023

Design Summary
--------------
Number of errors:      0
Number of warnings:    1
Slice Logic Utilization:
  Number of Slice Registers:                   536 out of  30,064    1%
    Number used as Flip Flops:                 536
    Number used as Latches:                      0
    Number used as Latch-thrus:                  0
    Number used as AND/OR logics:                0
  Number of Slice LUTs:                        688 out of  15,032    4%
    Number used as logic:                      633 out of  15,032    4%
      Number using O6 output only:             457
      Number using O5 output only:              29
      Number using O5 and O6:                  147
      Number used as ROM:                        0
    Number used as Memory:                      33 out of   3,664    1%
      Number used as Dual Port RAM:              0
      Number used as Single Port RAM:           33
        Number using O6 output only:             1
        Number using O5 output only:             1
        Number using O5 and O6:                 31
      Number used as Shift Register:             0
    Number used exclusively as route-thrus:     22
      Number with same-slice register load:     20
      Number with same-slice carry load:         2
      Number with other load:                    0

Slice Logic Distribution:
  Number of occupied Slices:                   278 out of   3,758    7%
  Number of MUXCYs used:                       124 out of   7,516    1%
  Number of LUT Flip Flop pairs used:          800
    Number with an unused Flip Flop:           309 out of     800   38%
    Number with an unused LUT:                 112 out of     800   14%
    Number of fully used LUT-FF pairs:         379 out of     800   47%
    Number of unique control sets:              27
    Number of slice register sites lost
      to control set restrictions:              80 out of  30,064    1%

  A LUT Flip Flop pair for this architecture represents one LUT paired with
  one Flip Flop within a slice.  A control set is a unique combination of
  clock, reset, set, and enable signals for a registered element.
  The Slice Logic Distribution report is not meaningful if the design is
  over-mapped for a non-slice resource or if Placement fails.

IO Utilization:
  Number of bonded IOBs:                        41 out of     186   22%
    Number of LOCed IOBs:                       41 out of      41  100%
    IOB Flip Flops:                              1

Specific Feature Utilization:
  Number of RAMB16BWERs:                         0 out of      52    0%
  Number of RAMB8BWERs:                          0 out of     104    0%
  Number of BUFIO2/BUFIO2_2CLKs:                 1 out of      32    3%
    Number used as BUFIO2s:                      1
    Number used as BUFIO2_2CLKs:                 0
  Number of BUFIO2FB/BUFIO2FB_2CLKs:             0 out of      32    0%
  Number of BUFG/BUFGMUXs:                       4 out of      16   25%
    Number used as BUFGs:                        4
    Number used as BUFGMUX:                      0
  Number of DCM/DCM_CLKGENs:                     1 out of       4   25%
    Number used as DCMs:                         1
    Number used as DCM_CLKGENs:                  0
  Number of ILOGIC2/ISERDES2s:                   0 out of     272    0%
  Number of IODELAY2/IODRP2/IODRP2_MCBs:         0 out of     272    0%
  Number of OLOGIC2/OSERDES2s:                   1 out of     272    1%
    Number used as OLOGIC2s:                     1
    Number used as OSERDES2s:                    0
  Number of BSCANs:                              1 out of       4   25%
  Number of BUFHs:                               0 out of     160    0%
  Number of BUFPLLs:                             0 out of       8    0%
  Number of BUFPLL_MCBs:                         0 out of       4    0%
  Number of DSP48A1s:                            0 out of      38    0%
  Number of ICAPs:                               0 out of       1    0%
  Number of MCBs:                                0 out of       2    0%
  Number of PCILOGICSEs:                         0 out of       2    0%
  Number of PLL_ADVs:                            0 out of       2    0%
  Number of PMVs:                                0 out of       1    0%
  Number of STARTUPs:                            0 out of       1    0%
  Number of SUSPEND_SYNCs:                       0 out of       1    0%

Average Fanout of Non-Clock Nets:                3.75

Peak Memory Usage:  4566 MB
Total REAL time to MAP completion:  17 secs 
Total CPU time to MAP completion:   16 secs 

Table of Contents
-----------------
Section 1 - Errors
Section 2 - Warnings
Section 3 - Informational
Section 4 - Removed Logic Summary
Section 5 - Removed Logic
Section 6 - IOB Properties
Section 7 - RPMs
Section 8 - Guide Report
Section 9 - Area Group and Partition Summary
Section 10 - Timing Report
Section 11 - Configuration String Information
Section 12 - Control Set Information
Section 13 - Utilization by Hierarchy

Section 1 - Errors
------------------

Section 2 - Warnings
--------------------
WARNING:Timing:3402 - The Clock Modifying COMP, XLXI_23/u0/u0, has the attribute CLK_FEEDBACK set to NONE.  No phase relationship exists
   between the input and output clocks of this Clock Modifying COMP. Data paths between these clock domains must be constrained using
   FROM/TO constraints.

Section 3 - Informational
-------------------------
INFO:MapLib:562 - No environment variables are currently set.
INFO:LIT:244 - All of the single ended outputs in this design are using slew
   rate limited output drivers. The delay on speed critical single ended outputs
   can be dramatically reduced by designating them as fast outputs.
INFO:Pack:1716 - Initializing temperature to 85.000 Celsius. (default - Range:
   0.000 to 85.000 Celsius)
INFO:Pack:1720 - Initializing voltage to 1.140 Volts. (default - Range: 1.140 to
   1.260 Volts)
INFO:Map:215 - The Interim Design Summary has been generated in the MAP Report
   (.mrp).
INFO:Pack:1650 - Map created a placed design.
INFO:PhysDesignRules:1861 - To achieve optimal frequency synthesis performance
   with the CLKFX and CLKFX180 outputs of the DCM comp XLXI_23/u0/u0, consult
   the device Data Sheet.

Section 4 - Removed Logic Summary
---------------------------------
  99 block(s) removed
   2 block(s) optimized away
  25 signal(s) removed

Section 5 - Removed Logic
-------------------------

The trimmed logic report below shows the logic removed from your design due to
sourceless or loadless signals, and VCC or ground connections.  If the removal
of a signal or symbol results in the subsequent removal of an additional signal
or symbol, the message explaining that second removal will be indented.  This
indentation will be repeated as a chain of related logic is removed.

To quickly locate the original cause for the removal of a chain of logic, look
above the place where that logic is listed in the trimming report, then locate
the lines that are least indented (begin at the leftmost edge).

Loadless block "XLXI_40/XLXI_4/XLXI_31/XLXI_1" (BUF) removed.
 The signal "AI<0>" is loadless and has been removed.
  Loadless block "XLXI_23/u2/mux111" (ROM) removed.
Loadless block "XLXI_40/XLXI_4/XLXI_31/XLXI_2" (BUF) removed.
 The signal "AI<1>" is loadless and has been removed.
  Loadless block "XLXI_23/u2/mux1111" (ROM) removed.
Loadless block "XLXI_40/XLXI_4/XLXI_31/XLXI_3" (BUF) removed.
 The signal "AI<2>" is loadless and has been removed.
  Loadless block "XLXI_23/u2/mux211" (ROM) removed.
Loadless block "XLXI_40/XLXI_4/XLXI_31/XLXI_4" (BUF) removed.
 The signal "AI<3>" is loadless and has been removed.
  Loadless block "XLXI_23/u2/mux311" (ROM) removed.
Loadless block "XLXI_40/XLXI_4/XLXI_31/XLXI_5" (BUF) removed.
 The signal "AI<4>" is loadless and has been removed.
  Loadless block "XLXI_23/u2/mux411" (ROM) removed.
Loadless block "XLXI_5/XLXI_20/XLXI_3/XLXI_1/ram00/O0" (RAMS) removed.
 The signal "XLXI_5/XLXI_20/XLXI_3/addr1<0>" is loadless and has been removed.
  Loadless block "XLXI_5/XLXI_20/XLXI_3/XLXI_4/Mmux_O11" (ROM) removed.
   The signal "XLXI_5/XLXI_20/Aaddr<0>" is loadless and has been removed.
    Loadless block "XLXI_5/XLXI_20/XLXI_45/XLXI_18/XLXI_1" (BUF) removed.
     The signal "XLXI_5/XLXI_20/XLXI_45/Aaddr_DUMMY<0>" is loadless and has been
removed.
      Loadless block "XLXI_5/XLXI_20/XLXI_45/XLXI_7/XLXI_1" (BUF) removed.
       The signal "XLXI_5/XLXI_20/XLXI_45/XLXI_1/DOUT<21>" is loadless and has been
removed.
        Loadless block "XLXI_5/XLXI_20/XLXI_45/XLXI_1/DOUT_21" (FF) removed.
 The signal "XLXI_5/XLXI_20/XLXI_3/addr1<1>" is loadless and has been removed.
  Loadless block "XLXI_5/XLXI_20/XLXI_3/XLXI_4/Mmux_O21" (ROM) removed.
   The signal "XLXI_5/XLXI_20/Aaddr<1>" is loadless and has been removed.
    Loadless block "XLXI_5/XLXI_20/XLXI_45/XLXI_18/XLXI_2" (BUF) removed.
     The signal "XLXI_5/XLXI_20/XLXI_45/Aaddr_DUMMY<1>" is loadless and has been
removed.
      Loadless block "XLXI_5/XLXI_20/XLXI_45/XLXI_7/XLXI_2" (BUF) removed.
       The signal "XLXI_5/XLXI_20/XLXI_45/XLXI_1/DOUT<22>" is loadless and has been
removed.
        Loadless block "XLXI_5/XLXI_20/XLXI_45/XLXI_1/DOUT_22" (FF) removed.
 The signal "XLXI_5/XLXI_20/XLXI_3/addr1<2>" is loadless and has been removed.
  Loadless block "XLXI_5/XLXI_20/XLXI_3/XLXI_4/Mmux_O31" (ROM) removed.
   The signal "XLXI_5/XLXI_20/Aaddr<2>" is loadless and has been removed.
    Loadless block "XLXI_5/XLXI_20/XLXI_45/XLXI_18/XLXI_3" (BUF) removed.
     The signal "XLXI_5/XLXI_20/XLXI_45/Aaddr_DUMMY<2>" is loadless and has been
removed.
      Loadless block "XLXI_5/XLXI_20/XLXI_45/XLXI_7/XLXI_3" (BUF) removed.
       The signal "XLXI_5/XLXI_20/XLXI_45/XLXI_1/DOUT<23>" is loadless and has been
removed.
        Loadless block "XLXI_5/XLXI_20/XLXI_45/XLXI_1/DOUT_23" (FF) removed.
 The signal "XLXI_5/XLXI_20/XLXI_3/addr1<3>" is loadless and has been removed.
  Loadless block "XLXI_5/XLXI_20/XLXI_3/XLXI_4/Mmux_O41" (ROM) removed.
   The signal "XLXI_5/XLXI_20/Aaddr<3>" is loadless and has been removed.
    Loadless block "XLXI_5/XLXI_20/XLXI_45/XLXI_18/XLXI_4" (BUF) removed.
     The signal "XLXI_5/XLXI_20/XLXI_45/Aaddr_DUMMY<3>" is loadless and has been
removed.
      Loadless block "XLXI_5/XLXI_20/XLXI_45/XLXI_7/XLXI_4" (BUF) removed.
       The signal "XLXI_5/XLXI_20/XLXI_45/XLXI_1/DOUT<24>" is loadless and has been
removed.
        Loadless block "XLXI_5/XLXI_20/XLXI_45/XLXI_1/DOUT_24" (FF) removed.
 The signal "XLXI_5/XLXI_20/XLXI_3/addr1<4>" is loadless and has been removed.
  Loadless block "XLXI_5/XLXI_20/XLXI_3/XLXI_4/Mmux_O51" (ROM) removed.
   The signal "XLXI_5/XLXI_20/Aaddr<4>" is loadless and has been removed.
    Loadless block "XLXI_5/XLXI_20/XLXI_45/XLXI_18/XLXI_5" (BUF) removed.
     The signal "XLXI_5/XLXI_20/XLXI_45/Aaddr_DUMMY<4>" is loadless and has been
removed.
      Loadless block "XLXI_5/XLXI_20/XLXI_45/XLXI_7/XLXI_5" (BUF) removed.
       The signal "XLXI_5/XLXI_20/XLXI_45/XLXI_1/DOUT<25>" is loadless and has been
removed.
        Loadless block "XLXI_5/XLXI_20/XLXI_45/XLXI_1/DOUT_25" (FF) removed.
Loadless block "XLXI_5/XLXI_20/XLXI_3/XLXI_1/ram00/O1" (RAMS) removed.
Loadless block "XLXI_5/XLXI_20/XLXI_3/XLXI_1/ram00/O2" (RAMS) removed.
Loadless block "XLXI_5/XLXI_20/XLXI_3/XLXI_1/ram00/O3" (RAMS) removed.
Loadless block "XLXI_5/XLXI_20/XLXI_3/XLXI_1/ram00/O4" (RAMS) removed.
Loadless block "XLXI_5/XLXI_20/XLXI_3/XLXI_1/ram00/O5" (RAMS) removed.
Loadless block "XLXI_5/XLXI_20/XLXI_3/XLXI_1/ram00/O6" (RAMS) removed.
Loadless block "XLXI_5/XLXI_20/XLXI_3/XLXI_1/ram00/O7" (RAMS) removed.
Loadless block "XLXI_5/XLXI_20/XLXI_3/XLXI_1/ram01/O0" (RAMS) removed.
Loadless block "XLXI_5/XLXI_20/XLXI_3/XLXI_1/ram01/O1" (RAMS) removed.
Loadless block "XLXI_5/XLXI_20/XLXI_3/XLXI_1/ram01/O2" (RAMS) removed.
Loadless block "XLXI_5/XLXI_20/XLXI_3/XLXI_1/ram01/O3" (RAMS) removed.
Loadless block "XLXI_5/XLXI_20/XLXI_3/XLXI_1/ram01/O4" (RAMS) removed.
Loadless block "XLXI_5/XLXI_20/XLXI_3/XLXI_1/ram01/O5" (RAMS) removed.
Loadless block "XLXI_5/XLXI_20/XLXI_3/XLXI_1/ram01/O6" (RAMS) removed.
Loadless block "XLXI_5/XLXI_20/XLXI_3/XLXI_1/ram01/O7" (RAMS) removed.
Loadless block "XLXI_5/XLXI_20/XLXI_3/XLXI_1/ram10/O0" (RAMS) removed.
Loadless block "XLXI_5/XLXI_20/XLXI_3/XLXI_1/ram10/O1" (RAMS) removed.
Loadless block "XLXI_5/XLXI_20/XLXI_3/XLXI_1/ram10/O2" (RAMS) removed.
Loadless block "XLXI_5/XLXI_20/XLXI_3/XLXI_1/ram10/O3" (RAMS) removed.
Loadless block "XLXI_5/XLXI_20/XLXI_3/XLXI_1/ram10/O4" (RAMS) removed.
Loadless block "XLXI_5/XLXI_20/XLXI_3/XLXI_1/ram10/O5" (RAMS) removed.
Loadless block "XLXI_5/XLXI_20/XLXI_3/XLXI_1/ram10/O6" (RAMS) removed.
Loadless block "XLXI_5/XLXI_20/XLXI_3/XLXI_1/ram10/O7" (RAMS) removed.
Loadless block "XLXI_5/XLXI_20/XLXI_3/XLXI_1/ram11/O0" (RAMS) removed.
Loadless block "XLXI_5/XLXI_20/XLXI_3/XLXI_1/ram11/O1" (RAMS) removed.
Loadless block "XLXI_5/XLXI_20/XLXI_3/XLXI_1/ram11/O2" (RAMS) removed.
Loadless block "XLXI_5/XLXI_20/XLXI_3/XLXI_1/ram11/O3" (RAMS) removed.
Loadless block "XLXI_5/XLXI_20/XLXI_3/XLXI_1/ram11/O4" (RAMS) removed.
Loadless block "XLXI_5/XLXI_20/XLXI_3/XLXI_1/ram11/O5" (RAMS) removed.
Loadless block "XLXI_5/XLXI_20/XLXI_3/XLXI_1/ram11/O6" (RAMS) removed.
Loadless block "XLXI_5/XLXI_20/XLXI_3/XLXI_1/ram11/O7" (RAMS) removed.
Loadless block "XLXI_5/XLXI_20/XLXI_3/XLXI_3/ram00/O0" (RAMS) removed.
Loadless block "XLXI_5/XLXI_20/XLXI_3/XLXI_3/ram00/O1" (RAMS) removed.
Loadless block "XLXI_5/XLXI_20/XLXI_3/XLXI_3/ram00/O2" (RAMS) removed.
Loadless block "XLXI_5/XLXI_20/XLXI_3/XLXI_3/ram00/O3" (RAMS) removed.
Loadless block "XLXI_5/XLXI_20/XLXI_3/XLXI_3/ram00/O4" (RAMS) removed.
Loadless block "XLXI_5/XLXI_20/XLXI_3/XLXI_3/ram00/O5" (RAMS) removed.
Loadless block "XLXI_5/XLXI_20/XLXI_3/XLXI_3/ram00/O6" (RAMS) removed.
Loadless block "XLXI_5/XLXI_20/XLXI_3/XLXI_3/ram00/O7" (RAMS) removed.
Loadless block "XLXI_5/XLXI_20/XLXI_3/XLXI_3/ram01/O0" (RAMS) removed.
Loadless block "XLXI_5/XLXI_20/XLXI_3/XLXI_3/ram01/O1" (RAMS) removed.
Loadless block "XLXI_5/XLXI_20/XLXI_3/XLXI_3/ram01/O2" (RAMS) removed.
Loadless block "XLXI_5/XLXI_20/XLXI_3/XLXI_3/ram01/O3" (RAMS) removed.
Loadless block "XLXI_5/XLXI_20/XLXI_3/XLXI_3/ram01/O4" (RAMS) removed.
Loadless block "XLXI_5/XLXI_20/XLXI_3/XLXI_3/ram01/O5" (RAMS) removed.
Loadless block "XLXI_5/XLXI_20/XLXI_3/XLXI_3/ram01/O6" (RAMS) removed.
Loadless block "XLXI_5/XLXI_20/XLXI_3/XLXI_3/ram01/O7" (RAMS) removed.
Loadless block "XLXI_5/XLXI_20/XLXI_3/XLXI_3/ram10/O0" (RAMS) removed.
Loadless block "XLXI_5/XLXI_20/XLXI_3/XLXI_3/ram10/O1" (RAMS) removed.
Loadless block "XLXI_5/XLXI_20/XLXI_3/XLXI_3/ram10/O2" (RAMS) removed.
Loadless block "XLXI_5/XLXI_20/XLXI_3/XLXI_3/ram10/O3" (RAMS) removed.
Loadless block "XLXI_5/XLXI_20/XLXI_3/XLXI_3/ram10/O4" (RAMS) removed.
Loadless block "XLXI_5/XLXI_20/XLXI_3/XLXI_3/ram10/O5" (RAMS) removed.
Loadless block "XLXI_5/XLXI_20/XLXI_3/XLXI_3/ram10/O6" (RAMS) removed.
Loadless block "XLXI_5/XLXI_20/XLXI_3/XLXI_3/ram10/O7" (RAMS) removed.
Loadless block "XLXI_5/XLXI_20/XLXI_3/XLXI_3/ram11/O0" (RAMS) removed.
Loadless block "XLXI_5/XLXI_20/XLXI_3/XLXI_3/ram11/O1" (RAMS) removed.
Loadless block "XLXI_5/XLXI_20/XLXI_3/XLXI_3/ram11/O2" (RAMS) removed.
Loadless block "XLXI_5/XLXI_20/XLXI_3/XLXI_3/ram11/O3" (RAMS) removed.
Loadless block "XLXI_5/XLXI_20/XLXI_3/XLXI_3/ram11/O4" (RAMS) removed.
Loadless block "XLXI_5/XLXI_20/XLXI_3/XLXI_3/ram11/O5" (RAMS) removed.
Loadless block "XLXI_5/XLXI_20/XLXI_3/XLXI_3/ram11/O6" (RAMS) removed.
Loadless block "XLXI_5/XLXI_20/XLXI_3/XLXI_3/ram11/O7" (RAMS) removed.
Loadless block "XLXI_5/XLXI_20/XLXI_45/XLXI_8/XLXI_1" (BUF) removed.
Loadless block "XLXI_5/XLXI_20/XLXI_45/XLXI_8/XLXI_2" (BUF) removed.
Loadless block "XLXI_5/XLXI_20/XLXI_45/XLXI_8/XLXI_3" (BUF) removed.
Loadless block "XLXI_5/XLXI_20/XLXI_45/XLXI_8/XLXI_4" (BUF) removed.
Loadless block "XLXI_5/XLXI_20/XLXI_45/XLXI_8/XLXI_5" (BUF) removed.

Optimized Block(s):
TYPE 		BLOCK
GND 		XST_GND
VCC 		XST_VCC

To enable printing of redundant blocks removed and signals merged, set the
detailed map report option and rerun map.

Section 6 - IOB Properties
--------------------------

+---------------------------------------------------------------------------------------------------------------------------------------------------------+
| IOB Name                           | Type             | Direction | IO Standard          | Diff  | Drive    | Slew | Reg (s)      | Resistor | IOB      |
|                                    |                  |           |                      | Term  | Strength | Rate |              |          | Delay    |
+---------------------------------------------------------------------------------------------------------------------------------------------------------+
| fpgaClk_i                          | IOB              | INPUT     | LVCMOS25             |       |          |      |              |          |          |
| sdAddr_o<0>                        | IOB              | OUTPUT    | LVCMOS25             |       | 12       | SLOW |              |          |          |
| sdAddr_o<1>                        | IOB              | OUTPUT    | LVCMOS25             |       | 12       | SLOW |              |          |          |
| sdAddr_o<2>                        | IOB              | OUTPUT    | LVCMOS25             |       | 12       | SLOW |              |          |          |
| sdAddr_o<3>                        | IOB              | OUTPUT    | LVCMOS25             |       | 12       | SLOW |              |          |          |
| sdAddr_o<4>                        | IOB              | OUTPUT    | LVCMOS25             |       | 12       | SLOW |              |          |          |
| sdAddr_o<5>                        | IOB              | OUTPUT    | LVCMOS25             |       | 12       | SLOW |              |          |          |
| sdAddr_o<6>                        | IOB              | OUTPUT    | LVCMOS25             |       | 12       | SLOW |              |          |          |
| sdAddr_o<7>                        | IOB              | OUTPUT    | LVCMOS25             |       | 12       | SLOW |              |          |          |
| sdAddr_o<8>                        | IOB              | OUTPUT    | LVCMOS25             |       | 12       | SLOW |              |          |          |
| sdAddr_o<9>                        | IOB              | OUTPUT    | LVCMOS25             |       | 12       | SLOW |              |          |          |
| sdAddr_o<10>                       | IOB              | OUTPUT    | LVCMOS25             |       | 12       | SLOW |              |          |          |
| sdAddr_o<11>                       | IOB              | OUTPUT    | LVCMOS25             |       | 12       | SLOW |              |          |          |
| sdAddr_o<12>                       | IOB              | OUTPUT    | LVCMOS25             |       | 12       | SLOW |              |          |          |
| sdBs_o<0>                          | IOB              | OUTPUT    | LVCMOS25             |       | 12       | SLOW |              |          |          |
| sdBs_o<1>                          | IOB              | OUTPUT    | LVCMOS25             |       | 12       | SLOW |              |          |          |
| sdCas_bo                           | IOB              | OUTPUT    | LVCMOS25             |       | 12       | SLOW |              |          |          |
| sdCe_bo                            | IOB              | OUTPUT    | LVCMOS25             |       | 12       | SLOW |              |          |          |
| sdCke_o                            | IOB              | OUTPUT    | LVCMOS25             |       | 12       | SLOW |              |          |          |
| sdClkFb_i                          | IOB              | INPUT     | LVCMOS25             |       |          |      |              |          |          |
| sdClk_o                            | IOB              | OUTPUT    | LVCMOS25             |       | 12       | SLOW | ODDR         |          |          |
| sdData_io<0>                       | IOB              | BIDIR     | LVCMOS25             |       | 12       | SLOW |              |          |          |
| sdData_io<1>                       | IOB              | BIDIR     | LVCMOS25             |       | 12       | SLOW |              |          |          |
| sdData_io<2>                       | IOB              | BIDIR     | LVCMOS25             |       | 12       | SLOW |              |          |          |
| sdData_io<3>                       | IOB              | BIDIR     | LVCMOS25             |       | 12       | SLOW |              |          |          |
| sdData_io<4>                       | IOB              | BIDIR     | LVCMOS25             |       | 12       | SLOW |              |          |          |
| sdData_io<5>                       | IOB              | BIDIR     | LVCMOS25             |       | 12       | SLOW |              |          |          |
| sdData_io<6>                       | IOB              | BIDIR     | LVCMOS25             |       | 12       | SLOW |              |          |          |
| sdData_io<7>                       | IOB              | BIDIR     | LVCMOS25             |       | 12       | SLOW |              |          |          |
| sdData_io<8>                       | IOB              | BIDIR     | LVCMOS25             |       | 12       | SLOW |              |          |          |
| sdData_io<9>                       | IOB              | BIDIR     | LVCMOS25             |       | 12       | SLOW |              |          |          |
| sdData_io<10>                      | IOB              | BIDIR     | LVCMOS25             |       | 12       | SLOW |              |          |          |
| sdData_io<11>                      | IOB              | BIDIR     | LVCMOS25             |       | 12       | SLOW |              |          |          |
| sdData_io<12>                      | IOB              | BIDIR     | LVCMOS25             |       | 12       | SLOW |              |          |          |
| sdData_io<13>                      | IOB              | BIDIR     | LVCMOS25             |       | 12       | SLOW |              |          |          |
| sdData_io<14>                      | IOB              | BIDIR     | LVCMOS25             |       | 12       | SLOW |              |          |          |
| sdData_io<15>                      | IOB              | BIDIR     | LVCMOS25             |       | 12       | SLOW |              |          |          |
| sdDqmh_o                           | IOB              | OUTPUT    | LVCMOS25             |       | 12       | SLOW |              |          |          |
| sdDqml_o                           | IOB              | OUTPUT    | LVCMOS25             |       | 12       | SLOW |              |          |          |
| sdRas_bo                           | IOB              | OUTPUT    | LVCMOS25             |       | 12       | SLOW |              |          |          |
| sdWe_bo                            | IOB              | OUTPUT    | LVCMOS25             |       | 12       | SLOW |              |          |          |
+---------------------------------------------------------------------------------------------------------------------------------------------------------+

Section 7 - RPMs
----------------

Section 8 - Guide Report
------------------------
Guide not run on this design.

Section 9 - Area Group and Partition Summary
--------------------------------------------

Partition Implementation Status
-------------------------------

  No Partitions were found in this design.

-------------------------------

Area Group Information
----------------------

  No area groups were found in this design.

----------------------

Section 10 - Timing Report
--------------------------
A logic-level (pre-route) timing report can be generated by using Xilinx static
timing analysis tools, Timing Analyzer (GUI) or TRCE (command line), with the
mapped NCD and PCF files. Please note that this timing report will be generated
using estimated delay information. For accurate numbers, please generate a
timing report with the post Place and Route NCD file.

For more information about the Timing Analyzer, consult the Xilinx Timing
Analyzer Reference Manual; for more information about TRCE, consult the Xilinx
Command Line Tools User Guide "TRACE" chapter.

Section 11 - Configuration String Details
-----------------------------------------
Use the "-detail" map option to print out Configuration Strings

Section 12 - Control Set Information
------------------------------------
Use the "-detail" map option to print out Control Set Information.

Section 13 - Utilization by Hierarchy
-------------------------------------
Use the "-detail" map option to print out the Utilization by Hierarchy section.
