Command line:
   ID_NUM_isim_beh.exe
     -simmode  gui
     -simrunnum  0
     -socket  56749

Thu Apr 20 16:15:46 2023


 Elaboration Time: 0.046875 sec

 Current Memory Usage: 5150.91 Meg

 Total Signals          : 1
 Total Nets             : 8
 Total Signal Drivers   : 1
 Total Blocks           : 2
 Total Primitive Blocks : 2
 Total Processes        : 1
 Total Traceable Variables  : 8
 Total Scalar Nets and Variables : 368
Total Line Count : 1

 Total Simulation Time: 0.046875 sec

 Current Memory Usage: 5150.91 Meg

Thu Apr 20 16:15:52 2023

