Release 14.7 - xst P.20131013 (nt64)
Copyright (c) 1995-2013 Xilinx, Inc.  All rights reserved.
--> Parameter TMPDIR set to xst/projnav.tmp


Total REAL time to Xst completion: 1.00 secs
Total CPU time to Xst completion: 0.84 secs
 
--> Parameter xsthdpdir set to xst


Total REAL time to Xst completion: 1.00 secs
Total CPU time to Xst completion: 0.84 secs
 
--> Reading design: Ran_Num_Dec.prj

TABLE OF CONTENTS
  1) Synthesis Options Summary
  2) HDL Parsing
  3) HDL Elaboration
  4) HDL Synthesis
       4.1) HDL Synthesis Report
  5) Advanced HDL Synthesis
       5.1) Advanced HDL Synthesis Report
  6) Low Level Synthesis
  7) Partition Report
  8) Design Summary
       8.1) Primitive and Black Box Usage
       8.2) Device utilization summary
       8.3) Partition Resource Summary
       8.4) Timing Report
            8.4.1) Clock Information
            8.4.2) Asynchronous Control Signals Information
            8.4.3) Timing Summary
            8.4.4) Timing Details
            8.4.5) Cross Clock Domains Report


=========================================================================
*                      Synthesis Options Summary                        *
=========================================================================
---- Source Parameters
Input File Name                    : "Ran_Num_Dec.prj"
Ignore Synthesis Constraint File   : NO

---- Target Parameters
Output File Name                   : "Ran_Num_Dec"
Output Format                      : NGC
Target Device                      : xc6slx25-2-ftg256

---- Source Options
Top Module Name                    : Ran_Num_Dec
Automatic FSM Extraction           : YES
FSM Encoding Algorithm             : Auto
Safe Implementation                : No
FSM Style                          : LUT
RAM Extraction                     : Yes
RAM Style                          : Auto
ROM Extraction                     : Yes
Shift Register Extraction          : YES
ROM Style                          : Auto
Resource Sharing                   : YES
Asynchronous To Synchronous        : NO
Shift Register Minimum Size        : 2
Use DSP Block                      : Auto
Automatic Register Balancing       : No

---- Target Options
LUT Combining                      : Auto
Reduce Control Sets                : Auto
Add IO Buffers                     : YES
Global Maximum Fanout              : 100000
Add Generic Clock Buffer(BUFG)     : 16
Register Duplication               : YES
Optimize Instantiated Primitives   : NO
Use Clock Enable                   : Auto
Use Synchronous Set                : Auto
Use Synchronous Reset              : Auto
Pack IO Registers into IOBs        : Auto
Equivalent register Removal        : YES

---- General Options
Optimization Goal                  : Speed
Optimization Effort                : 1
Power Reduction                    : NO
Keep Hierarchy                     : No
Netlist Hierarchy                  : As_Optimized
RTL Output                         : Yes
Global Optimization                : AllClockNets
Read Cores                         : YES
Write Timing Constraints           : NO
Cross Clock Analysis               : NO
Hierarchy Separator                : /
Bus Delimiter                      : <>
Case Specifier                     : Maintain
Slice Utilization Ratio            : 100
BRAM Utilization Ratio             : 100
DSP48 Utilization Ratio            : 100
Auto BRAM Packing                  : NO
Slice Utilization Ratio Delta      : 5

=========================================================================


=========================================================================
*                          HDL Parsing                                  *
=========================================================================
Parsing VHDL file "E:\adlx\Semester_B\decoder_v25\decoder_v25\Random_gen.vhd" into library work
Parsing entity <Random_gen>.
Parsing architecture <Behavioral> of entity <random_gen>.
Parsing VHDL file "E:\adlx\Semester_B\decoder_v25\decoder_v25\Comparator.vhd" into library work
Parsing entity <Comparator>.
Parsing architecture <Behavioral> of entity <comparator>.
Parsing VHDL file "E:\adlx\Semester_B\decoder_v25\decoder_v25\CNT_12.vhd" into library work
Parsing entity <CNT_12>.
Parsing architecture <Behavioral> of entity <cnt_12>.
Parsing VHDL file "E:\adlx\Semester_B\decoder_v25\decoder_v25\Ran_Num_Dec.vhf" into library work
Parsing entity <FD4RE_HXILINX_Ran_Num_Dec>.
Parsing architecture <Behavioral> of entity <fd4re_hxilinx_ran_num_dec>.
Parsing entity <FD8RE_HXILINX_Ran_Num_Dec>.
Parsing architecture <Behavioral> of entity <fd8re_hxilinx_ran_num_dec>.
Parsing entity <Ran_Num_Dec>.
Parsing architecture <BEHAVIORAL> of entity <ran_num_dec>.

=========================================================================
*                            HDL Elaboration                            *
=========================================================================

Elaborating entity <Ran_Num_Dec> (architecture <BEHAVIORAL>) from library <work>.

Elaborating entity <Random_gen> (architecture <Behavioral>) from library <work>.

Elaborating entity <Comparator> (architecture <Behavioral>) from library <work>.

Elaborating entity <CNT_12> (architecture <Behavioral>) from library <work>.

Elaborating entity <FD4RE_HXILINX_Ran_Num_Dec> (architecture <Behavioral>) from library <work>.

Elaborating entity <FD8RE_HXILINX_Ran_Num_Dec> (architecture <Behavioral>) from library <work>.

=========================================================================
*                           HDL Synthesis                               *
=========================================================================

Synthesizing Unit <Ran_Num_Dec>.
    Related source file is "E:\adlx\Semester_B\decoder_v25\decoder_v25\Ran_Num_Dec.vhf".
    Set property "HU_SET = XLXI_9_1" for instance <XLXI_9>.
    Set property "HU_SET = XLXI_22_0" for instance <XLXI_22>.
    Summary:
	no macro.
Unit <Ran_Num_Dec> synthesized.

Synthesizing Unit <Random_gen>.
    Related source file is "E:\adlx\Semester_B\decoder_v25\decoder_v25\Random_gen.vhd".
    Found 31-bit register for signal <Rk_val<31:1>>.
    Summary:
	inferred  31 D-type flip-flop(s).
Unit <Random_gen> synthesized.

Synthesizing Unit <Comparator>.
    Related source file is "E:\adlx\Semester_B\decoder_v25\decoder_v25\Comparator.vhd".
    Found 8-bit comparator equal for signal <A_eq_B> created at line 42
    Summary:
	inferred   1 Comparator(s).
Unit <Comparator> synthesized.

Synthesizing Unit <CNT_12>.
    Related source file is "E:\adlx\Semester_B\decoder_v25\decoder_v25\CNT_12.vhd".
    Found 12-bit register for signal <cnt_s>.
    Found 12-bit adder for signal <cnt_s[11]_GND_10_o_add_0_OUT> created at line 29.
    Summary:
	inferred   1 Adder/Subtractor(s).
	inferred  12 D-type flip-flop(s).
Unit <CNT_12> synthesized.

Synthesizing Unit <FD4RE_HXILINX_Ran_Num_Dec>.
    Related source file is "E:\adlx\Semester_B\decoder_v25\decoder_v25\Ran_Num_Dec.vhf".
    Found 1-bit register for signal <Q2>.
    Found 1-bit register for signal <Q1>.
    Found 1-bit register for signal <Q0>.
    Found 1-bit register for signal <Q3>.
    Summary:
	inferred   4 D-type flip-flop(s).
Unit <FD4RE_HXILINX_Ran_Num_Dec> synthesized.

Synthesizing Unit <FD8RE_HXILINX_Ran_Num_Dec>.
    Related source file is "E:\adlx\Semester_B\decoder_v25\decoder_v25\Ran_Num_Dec.vhf".
    Found 8-bit register for signal <Q>.
    Summary:
	inferred   8 D-type flip-flop(s).
Unit <FD8RE_HXILINX_Ran_Num_Dec> synthesized.

=========================================================================
HDL Synthesis Report

Macro Statistics
# Adders/Subtractors                                   : 1
 12-bit adder                                          : 1
# Registers                                            : 7
 1-bit register                                        : 4
 12-bit register                                       : 1
 31-bit register                                       : 1
 8-bit register                                        : 1
# Comparators                                          : 1
 8-bit comparator equal                                : 1
# Xors                                                 : 1
 1-bit xor4                                            : 1

=========================================================================

=========================================================================
*                       Advanced HDL Synthesis                          *
=========================================================================

WARNING:Xst:2677 - Node <Rk_val_1> of sequential type is unconnected in block <XLXI_1>.
WARNING:Xst:2677 - Node <Rk_val_2> of sequential type is unconnected in block <XLXI_1>.
WARNING:Xst:2677 - Node <Rk_val_3> of sequential type is unconnected in block <XLXI_1>.
WARNING:Xst:2677 - Node <Rk_val_4> of sequential type is unconnected in block <XLXI_1>.
WARNING:Xst:2677 - Node <Rk_val_5> of sequential type is unconnected in block <XLXI_1>.
WARNING:Xst:2677 - Node <Rk_val_6> of sequential type is unconnected in block <XLXI_1>.
WARNING:Xst:2677 - Node <Rk_val_7> of sequential type is unconnected in block <XLXI_1>.
WARNING:Xst:2677 - Node <Rk_val_8> of sequential type is unconnected in block <XLXI_1>.
WARNING:Xst:2677 - Node <Rk_val_9> of sequential type is unconnected in block <XLXI_1>.
WARNING:Xst:2677 - Node <Rk_val_10> of sequential type is unconnected in block <XLXI_1>.
WARNING:Xst:2677 - Node <Rk_val_11> of sequential type is unconnected in block <XLXI_1>.
WARNING:Xst:2677 - Node <Rk_val_12> of sequential type is unconnected in block <XLXI_1>.

Synthesizing (advanced) Unit <CNT_12>.
The following registers are absorbed into counter <cnt_s>: 1 register on signal <cnt_s>.
Unit <CNT_12> synthesized (advanced).
WARNING:Xst:2677 - Node <Rk_val_1> of sequential type is unconnected in block <Random_gen>.
WARNING:Xst:2677 - Node <Rk_val_2> of sequential type is unconnected in block <Random_gen>.
WARNING:Xst:2677 - Node <Rk_val_3> of sequential type is unconnected in block <Random_gen>.
WARNING:Xst:2677 - Node <Rk_val_4> of sequential type is unconnected in block <Random_gen>.
WARNING:Xst:2677 - Node <Rk_val_5> of sequential type is unconnected in block <Random_gen>.
WARNING:Xst:2677 - Node <Rk_val_6> of sequential type is unconnected in block <Random_gen>.
WARNING:Xst:2677 - Node <Rk_val_7> of sequential type is unconnected in block <Random_gen>.
WARNING:Xst:2677 - Node <Rk_val_8> of sequential type is unconnected in block <Random_gen>.
WARNING:Xst:2677 - Node <Rk_val_9> of sequential type is unconnected in block <Random_gen>.
WARNING:Xst:2677 - Node <Rk_val_10> of sequential type is unconnected in block <Random_gen>.
WARNING:Xst:2677 - Node <Rk_val_11> of sequential type is unconnected in block <Random_gen>.
WARNING:Xst:2677 - Node <Rk_val_12> of sequential type is unconnected in block <Random_gen>.

=========================================================================
Advanced HDL Synthesis Report

Macro Statistics
# Counters                                             : 1
 12-bit up counter                                     : 1
# Registers                                            : 32
 Flip-Flops                                            : 32
# Comparators                                          : 1
 8-bit comparator equal                                : 1
# Xors                                                 : 1
 1-bit xor4                                            : 1

=========================================================================

=========================================================================
*                         Low Level Synthesis                           *
=========================================================================

Optimizing unit <FD4RE_HXILINX_Ran_Num_Dec> ...

Optimizing unit <FD8RE_HXILINX_Ran_Num_Dec> ...

Optimizing unit <Ran_Num_Dec> ...

Optimizing unit <Random_gen> ...

Mapping all equations...
Building and optimizing final netlist ...
Found area constraint ratio of 100 (+ 5) on block Ran_Num_Dec, actual ratio is 0.

Final Macro Processing ...

=========================================================================
Final Register Report

Macro Statistics
# Registers                                            : 44
 Flip-Flops                                            : 44

=========================================================================

=========================================================================
*                           Partition Report                            *
=========================================================================

Partition Implementation Status
-------------------------------

  No Partitions were found in this design.

-------------------------------

=========================================================================
*                            Design Summary                             *
=========================================================================

Top Level Output File Name         : Ran_Num_Dec.ngc

Primitive and Black Box Usage:
------------------------------
# BELS                             : 54
#      GND                         : 1
#      INV                         : 1
#      LUT1                        : 11
#      LUT2                        : 1
#      LUT4                        : 12
#      LUT6                        : 3
#      MUXCY                       : 11
#      OR2                         : 1
#      VCC                         : 1
#      XORCY                       : 12
# FlipFlops/Latches                : 44
#      FD                          : 13
#      FDR                         : 8
#      FDRE                        : 12
#      FDS                         : 11
# Clock Buffers                    : 1
#      BUFGP                       : 1
# IO Buffers                       : 22
#      IBUF                        : 9
#      OBUF                        : 13

Device utilization summary:
---------------------------

Selected Device : 6slx25ftg256-2 


Slice Logic Utilization: 
 Number of Slice Registers:              44  out of  30064     0%  
 Number of Slice LUTs:                   28  out of  15032     0%  
    Number used as Logic:                28  out of  15032     0%  

Slice Logic Distribution: 
 Number of LUT Flip Flop pairs used:     58
   Number with an unused Flip Flop:      14  out of     58    24%  
   Number with an unused LUT:            30  out of     58    51%  
   Number of fully used LUT-FF pairs:    14  out of     58    24%  
   Number of unique control sets:         4

IO Utilization: 
 Number of IOs:                          23
 Number of bonded IOBs:                  23  out of    186    12%  

Specific Feature Utilization:
 Number of BUFG/BUFGCTRLs:                1  out of     16     6%  

---------------------------
Partition Resource Summary:
---------------------------

  No Partitions were found in this design.

---------------------------


=========================================================================
Timing Report

NOTE: THESE TIMING NUMBERS ARE ONLY A SYNTHESIS ESTIMATE.
      FOR ACCURATE TIMING INFORMATION PLEASE REFER TO THE TRACE REPORT
      GENERATED AFTER PLACE-and-ROUTE.

Clock Information:
------------------
-----------------------------------+------------------------+-------+
Clock Signal                       | Clock buffer(FF name)  | Load  |
-----------------------------------+------------------------+-------+
CLK                                | BUFGP                  | 44    |
-----------------------------------+------------------------+-------+

Asynchronous Control Signals Information:
----------------------------------------
No asynchronous control signals found in this design

Timing Summary:
---------------
Speed Grade: -2

   Minimum period: 5.987ns (Maximum Frequency: 167.029MHz)
   Minimum input arrival time before clock: 6.992ns
   Maximum output required time after clock: 4.118ns
   Maximum combinational path delay: No path found

Timing Details:
---------------
All values displayed in nanoseconds (ns)

=========================================================================
Timing constraint: Default period analysis for Clock 'CLK'
  Clock period: 5.987ns (frequency: 167.029MHz)
  Total number of paths / destination ports: 323 / 56
-------------------------------------------------------------------------
Delay:               5.987ns (Levels of Logic = 4)
  Source:            XLXI_1/Rk_val_26 (FF)
  Destination:       XLXI_3/cnt_s_1 (FF)
  Source Clock:      CLK rising
  Destination Clock: CLK rising

  Data Path: XLXI_1/Rk_val_26 to XLXI_3/cnt_s_1
                                Gate     Net
    Cell:in->out      fanout   Delay   Delay  Logical Name (Net Name)
    ----------------------------------------  ------------
     FDR:C->Q              2   0.525   0.954  XLXI_1/Rk_val_26 (XLXI_1/Rk_val_26)
     LUT6:I3->O            1   0.235   0.790  eq82 (eq81)
     LUT6:I4->O           14   0.250   1.557  eq83 (eq)
     OR2:I1->O            12   0.279   1.069  XLXI_4 (XLXN_6)
     LUT2:I1->O            1   0.254   0.000  XLXI_3/cnt_s_0_rstpot (XLXI_3/cnt_s_0_rstpot)
     FD:D                      0.074          XLXI_3/cnt_s_0
    ----------------------------------------
    Total                      5.987ns (1.617ns logic, 4.370ns route)
                                       (27.0% logic, 73.0% route)

=========================================================================
Timing constraint: Default OFFSET IN BEFORE for Clock 'CLK'
  Total number of paths / destination ports: 243 / 56
-------------------------------------------------------------------------
Offset:              6.992ns (Levels of Logic = 5)
  Source:            NUT<2> (PAD)
  Destination:       XLXI_3/cnt_s_1 (FF)
  Destination Clock: CLK rising

  Data Path: NUT<2> to XLXI_3/cnt_s_1
                                Gate     Net
    Cell:in->out      fanout   Delay   Delay  Logical Name (Net Name)
    ----------------------------------------  ------------
     IBUF:I->O             1   1.328   1.137  NUT_2_IBUF (NUT_2_IBUF)
     LUT6:I0->O            1   0.254   0.790  eq82 (eq81)
     LUT6:I4->O           14   0.250   1.557  eq83 (eq)
     OR2:I1->O            12   0.279   1.069  XLXI_4 (XLXN_6)
     LUT2:I1->O            1   0.254   0.000  XLXI_3/cnt_s_0_rstpot (XLXI_3/cnt_s_0_rstpot)
     FD:D                      0.074          XLXI_3/cnt_s_0
    ----------------------------------------
    Total                      6.992ns (2.439ns logic, 4.553ns route)
                                       (34.9% logic, 65.1% route)

=========================================================================
Timing constraint: Default OFFSET OUT AFTER for Clock 'CLK'
  Total number of paths / destination ports: 13 / 13
-------------------------------------------------------------------------
Offset:              4.118ns (Levels of Logic = 2)
  Source:            XLXI_9/Q3 (FF)
  Destination:       Pos<11> (PAD)
  Source Clock:      CLK rising

  Data Path: XLXI_9/Q3 to Pos<11>
                                Gate     Net
    Cell:in->out      fanout   Delay   Delay  Logical Name (Net Name)
    ----------------------------------------  ------------
     FDRE:C->Q             1   0.525   0.681  Q3 (Q3)
     end scope: 'XLXI_9:Q3'
     OBUF:I->O                 2.912          Pos_11_OBUF (Pos<11>)
    ----------------------------------------
    Total                      4.118ns (3.437ns logic, 0.681ns route)
                                       (83.5% logic, 16.5% route)

=========================================================================

Cross Clock Domains Report:
--------------------------

Clock to Setup on destination clock CLK
---------------+---------+---------+---------+---------+
               | Src:Rise| Src:Fall| Src:Rise| Src:Fall|
Source Clock   |Dest:Rise|Dest:Rise|Dest:Fall|Dest:Fall|
---------------+---------+---------+---------+---------+
CLK            |    5.987|         |         |         |
---------------+---------+---------+---------+---------+

=========================================================================


Total REAL time to Xst completion: 9.00 secs
Total CPU time to Xst completion: 8.77 secs
 
--> 

Total memory usage is 4502624 kilobytes

Number of errors   :    0 (   0 filtered)
Number of warnings :   24 (   0 filtered)
Number of infos    :    0 (   0 filtered)

