ISim log file
Running: E:\adlx\Semester_B\Nizar_ReaalAA\lab7\Home_S25\Home_S25\TOP_LEVEL_IOSIMUL_TOP_LEVEL_IOSIMUL_sch_tb_isim_beh.exe -intstyle ise -gui -tclbatch isim.cmd -wdb E:/adlx/Semester_B/Nizar_ReaalAA/lab7/Home_S25/Home_S25/TOP_LEVEL_IOSIMUL_TOP_LEVEL_IOSIMUL_sch_tb_isim_beh.wdb 
ISim P.20131013 (signature 0x7708f090)
WARNING: A WEBPACK license was found.
WARNING: Please use Xilinx License Configuration Manager to check out a full ISim license.
WARNING: ISim will run in Lite mode. Please refer to the ISim documentation for more information on the differences between the Lite and the Full version.
This is a Lite version of ISim.
Time resolution is 1 ps
# onerror resume
# wave add /
# run 1000 ns
Simulator is doing circuit initialization process.
at 0 ps, Instance /top_level_iosimul_top_level_iosimul_sch_tb/UUT/XLXI_5/XLXI_1/XLXI_288/XLXI_10/ : Warning: There is an 'U'|'X'|'W'|'Z'|'-' in an arithmetic operand, the result will be 'X'(es).
at 0 ps, Instance /top_level_iosimul_top_level_iosimul_sch_tb/UUT/XLXI_5/XLXI_1/XLXI_288/XLXI_46/XLXI_26/ : Warning: There is an 'U'|'X'|'W'|'Z'|'-' in an arithmetic operand, the result will be 'X'(es).
at 0 ps, Instance /top_level_iosimul_top_level_iosimul_sch_tb/UUT/XLXI_5/XLXI_1/XLXI_288/XLXI_46/XLXI_26/ : Warning: CONV_INTEGER: There is an 'U'|'X'|'W'|'Z'|'-' in an arithmetic operand, and it has been converted to 0.
at 0 ps, Instance /top_level_iosimul_top_level_iosimul_sch_tb/UUT/XLXI_5/XLXI_1/XLXI_288/XLXI_46/XLXI_26/ : Warning: CONV_INTEGER: There is an 'U'|'X'|'W'|'Z'|'-' in an arithmetic operand, and it has been converted to 0.
at 0 ps, Instance /top_level_iosimul_top_level_iosimul_sch_tb/UUT/XLXI_5/XLXI_1/XLXI_288/XLXI_46/XLXI_34/ : Warning: CONV_INTEGER: There is an 'U'|'X'|'W'|'Z'|'-' in an arithmetic operand, and it has been converted to 0.
at 0 ps, Instance /top_level_iosimul_top_level_iosimul_sch_tb/UUT/XLXI_5/XLXI_1/XLXI_288/XLXI_46/XLXI_34/ : Warning: CONV_INTEGER: There is an 'U'|'X'|'W'|'Z'|'-' in an arithmetic operand, and it has been converted to 0.
at 0 ps, Instance /top_level_iosimul_top_level_iosimul_sch_tb/UUT/XLXI_5/XLXI_1/XLXI_288/XLXI_46/XLXI_40/ : Warning: CONV_INTEGER: There is an 'U'|'X'|'W'|'Z'|'-' in an arithmetic operand, and it has been converted to 0.
at 0 ps, Instance /top_level_iosimul_top_level_iosimul_sch_tb/UUT/XLXI_5/XLXI_1/XLXI_288/XLXI_46/XLXI_40/ : Warning: CONV_INTEGER: There is an 'U'|'X'|'W'|'Z'|'-' in an arithmetic operand, and it has been converted to 0.
at 0 ps, Instance /top_level_iosimul_top_level_iosimul_sch_tb/UUT/XLXI_5/XLXI_1/XLXI_288/XLXI_46/XLXI_40/ : Warning: CONV_INTEGER: There is an 'U'|'X'|'W'|'Z'|'-' in an arithmetic operand, and it has been converted to 0.
Finished circuit initialization process.
at 0 ps, Instance /top_level_iosimul_top_level_iosimul_sch_tb/UUT/XLXI_5/XLXI_1/XLXI_288/XLXI_46/XLXI_26/ : Warning: CONV_INTEGER: There is an 'U'|'X'|'W'|'Z'|'-' in an arithmetic operand, and it has been converted to 0.
at 0 ps, Instance /top_level_iosimul_top_level_iosimul_sch_tb/UUT/XLXI_5/XLXI_1/XLXI_288/XLXI_46/XLXI_34/ : Warning: CONV_INTEGER: There is an 'U'|'X'|'W'|'Z'|'-' in an arithmetic operand, and it has been converted to 0.
at 0 ps, Instance /top_level_iosimul_top_level_iosimul_sch_tb/UUT/XLXI_5/XLXI_1/XLXI_288/XLXI_46/XLXI_40/ : Warning: CONV_INTEGER: There is an 'U'|'X'|'W'|'Z'|'-' in an arithmetic operand, and it has been converted to 0.
at 0 ps, Instance /top_level_iosimul_top_level_iosimul_sch_tb/UUT/XLXI_5/XLXI_1/XLXI_288/XLXI_46/XLXI_40/ : Warning: CONV_INTEGER: There is an 'U'|'X'|'W'|'Z'|'-' in an arithmetic operand, and it has been converted to 0.
at 0 ps, Instance /top_level_iosimul_top_level_iosimul_sch_tb/UUT/XLXI_5/XLXI_1/XLXI_288/XLXI_46/XLXI_40/ : Warning: CONV_INTEGER: There is an 'U'|'X'|'W'|'Z'|'-' in an arithmetic operand, and it has been converted to 0.
at 0 ps, Instance /top_level_iosimul_top_level_iosimul_sch_tb/UUT/XLXI_5/XLXI_1/XLXI_288/XLXI_46/XLXI_40/ : Warning: CONV_INTEGER: There is an 'U'|'X'|'W'|'Z'|'-' in an arithmetic operand, and it has been converted to 0.
at 0 ps, Instance /top_level_iosimul_top_level_iosimul_sch_tb/UUT/XLXI_5/XLXI_1/XLXI_288/XLXI_46/XLXI_40/ : Warning: CONV_INTEGER: There is an 'U'|'X'|'W'|'Z'|'-' in an arithmetic operand, and it has been converted to 0.
at 0 ps, Instance /top_level_iosimul_top_level_iosimul_sch_tb/UUT/XLXI_5/XLXI_1/XLXI_288/XLXI_46/XLXI_40/ : Warning: CONV_INTEGER: There is an 'U'|'X'|'W'|'Z'|'-' in an arithmetic operand, and it has been converted to 0.
# run 80.00us
# restart
# run 80.00us
Simulator is doing circuit initialization process.
at 0 ps, Instance /top_level_iosimul_top_level_iosimul_sch_tb/UUT/XLXI_5/XLXI_1/XLXI_288/XLXI_10/ : Warning: There is an 'U'|'X'|'W'|'Z'|'-' in an arithmetic operand, the result will be 'X'(es).
at 0 ps, Instance /top_level_iosimul_top_level_iosimul_sch_tb/UUT/XLXI_5/XLXI_1/XLXI_288/XLXI_46/XLXI_26/ : Warning: CONV_INTEGER: There is an 'U'|'X'|'W'|'Z'|'-' in an arithmetic operand, and it has been converted to 0.
at 0 ps, Instance /top_level_iosimul_top_level_iosimul_sch_tb/UUT/XLXI_5/XLXI_1/XLXI_288/XLXI_46/XLXI_26/ : Warning: CONV_INTEGER: There is an 'U'|'X'|'W'|'Z'|'-' in an arithmetic operand, and it has been converted to 0.
at 0 ps, Instance /top_level_iosimul_top_level_iosimul_sch_tb/UUT/XLXI_5/XLXI_1/XLXI_288/XLXI_46/XLXI_34/ : Warning: CONV_INTEGER: There is an 'U'|'X'|'W'|'Z'|'-' in an arithmetic operand, and it has been converted to 0.
at 0 ps, Instance /top_level_iosimul_top_level_iosimul_sch_tb/UUT/XLXI_5/XLXI_1/XLXI_288/XLXI_46/XLXI_34/ : Warning: CONV_INTEGER: There is an 'U'|'X'|'W'|'Z'|'-' in an arithmetic operand, and it has been converted to 0.
at 0 ps, Instance /top_level_iosimul_top_level_iosimul_sch_tb/UUT/XLXI_5/XLXI_1/XLXI_288/XLXI_46/XLXI_40/ : Warning: CONV_INTEGER: There is an 'U'|'X'|'W'|'Z'|'-' in an arithmetic operand, and it has been converted to 0.
at 0 ps, Instance /top_level_iosimul_top_level_iosimul_sch_tb/UUT/XLXI_5/XLXI_1/XLXI_288/XLXI_46/XLXI_40/ : Warning: CONV_INTEGER: There is an 'U'|'X'|'W'|'Z'|'-' in an arithmetic operand, and it has been converted to 0.
at 0 ps, Instance /top_level_iosimul_top_level_iosimul_sch_tb/UUT/XLXI_5/XLXI_1/XLXI_288/XLXI_46/XLXI_40/ : Warning: CONV_INTEGER: There is an 'U'|'X'|'W'|'Z'|'-' in an arithmetic operand, and it has been converted to 0.
Finished circuit initialization process.
at 0 ps, Instance /top_level_iosimul_top_level_iosimul_sch_tb/UUT/XLXI_5/XLXI_1/XLXI_288/XLXI_46/XLXI_26/ : Warning: CONV_INTEGER: There is an 'U'|'X'|'W'|'Z'|'-' in an arithmetic operand, and it has been converted to 0.
at 0 ps, Instance /top_level_iosimul_top_level_iosimul_sch_tb/UUT/XLXI_5/XLXI_1/XLXI_288/XLXI_46/XLXI_34/ : Warning: CONV_INTEGER: There is an 'U'|'X'|'W'|'Z'|'-' in an arithmetic operand, and it has been converted to 0.
at 0 ps, Instance /top_level_iosimul_top_level_iosimul_sch_tb/UUT/XLXI_5/XLXI_1/XLXI_288/XLXI_46/XLXI_40/ : Warning: CONV_INTEGER: There is an 'U'|'X'|'W'|'Z'|'-' in an arithmetic operand, and it has been converted to 0.
at 0 ps, Instance /top_level_iosimul_top_level_iosimul_sch_tb/UUT/XLXI_5/XLXI_1/XLXI_288/XLXI_46/XLXI_40/ : Warning: CONV_INTEGER: There is an 'U'|'X'|'W'|'Z'|'-' in an arithmetic operand, and it has been converted to 0.
at 0 ps, Instance /top_level_iosimul_top_level_iosimul_sch_tb/UUT/XLXI_5/XLXI_1/XLXI_288/XLXI_46/XLXI_40/ : Warning: CONV_INTEGER: There is an 'U'|'X'|'W'|'Z'|'-' in an arithmetic operand, and it has been converted to 0.
at 0 ps, Instance /top_level_iosimul_top_level_iosimul_sch_tb/UUT/XLXI_5/XLXI_1/XLXI_288/XLXI_46/XLXI_40/ : Warning: CONV_INTEGER: There is an 'U'|'X'|'W'|'Z'|'-' in an arithmetic operand, and it has been converted to 0.
at 0 ps, Instance /top_level_iosimul_top_level_iosimul_sch_tb/UUT/XLXI_5/XLXI_1/XLXI_288/XLXI_46/XLXI_40/ : Warning: CONV_INTEGER: There is an 'U'|'X'|'W'|'Z'|'-' in an arithmetic operand, and it has been converted to 0.
at 0 ps, Instance /top_level_iosimul_top_level_iosimul_sch_tb/UUT/XLXI_5/XLXI_1/XLXI_288/XLXI_46/XLXI_40/ : Warning: CONV_INTEGER: There is an 'U'|'X'|'W'|'Z'|'-' in an arithmetic operand, and it has been converted to 0.
